#
# There is insufficient memory for the Java Runtime Environment to continue.
# Native memory allocation (malloc) failed to allocate 1048576 bytes for AllocateHeap
# Possible reasons:
#   The system is out of physical RAM or swap space
#   In 32 bit mode, the process size limit was hit
# Possible solutions:
#   Reduce memory load on the system
#   Increase physical memory or swap space
#   Check if swap backing store is full
#   Use 64 bit Java on a 64 bit OS
#   Decrease Java heap size (-Xmx/-Xms)
#   Decrease number of Java threads
#   Decrease Java thread stack sizes (-Xss)
#   Set larger code cache with -XX:ReservedCodeCacheSize=
# This output file may be truncated or incomplete.
#
#  Out of Memory Error (memory/allocation.inline.hpp:61), pid=24680, tid=0x00000000000036ec
#
# JRE version:  (8.0_111-b14) (build )
# Java VM: Java HotSpot(TM) 64-Bit Server VM (25.111-b14 mixed mode windows-amd64 compressed oops)
# Failed to write core dump. Minidumps are not enabled by default on client versions of Windows
#

---------------  T H R E A D  ---------------

Current thread (0x0000000003421000):  JavaThread "Unknown thread" [_thread_in_vm, id=14060, stack(0x0000000003320000,0x0000000003420000)]

Stack: [0x0000000003320000,0x0000000003420000]
[error occurred during error reporting (printing stack bounds), id 0xc0000005]

Native frames: (J=compiled Java code, j=interpreted, Vv=VM code, C=native code)


---------------  P R O C E S S  ---------------

Java Threads: ( => current thread )

Other Threads:

=>0x0000000003421000 (exited) JavaThread "Unknown thread" [_thread_in_vm, id=14060, stack(0x0000000003320000,0x0000000003420000)]

VM state:not at safepoint (normal execution)

VM Mutex/Monitor currently owned by a thread: None

Heap:
 PSYoungGen      total 28672K, used 491K [0x00000000e0400000, 0x00000000e2400000, 0x0000000100000000)
  eden space 24576K, 2% used [0x00000000e0400000,0x00000000e047ae20,0x00000000e1c00000)
  from space 4096K, 0% used [0x00000000e2000000,0x00000000e2000000,0x00000000e2400000)
  to   space 4096K, 0% used [0x00000000e1c00000,0x00000000e1c00000,0x00000000e2000000)
 ParOldGen       total 65536K, used 0K [0x00000000a0c00000, 0x00000000a4c00000, 0x00000000e0400000)
  object space 65536K, 0% used [0x00000000a0c00000,0x00000000a0c00000,0x00000000a4c00000)
 Metaspace       used 770K, capacity 4480K, committed 4480K, reserved 1056768K
  class space    used 75K, capacity 384K, committed 384K, reserved 1048576K

Card table byte_map: [0x00000000128e0000,0x0000000012be0000] byte_map_base: 0x00000000123da000

Marking Bits: (ParMarkBitMap*) 0x000000006304a6c0
 Begin Bits: [0x00000000135e0000, 0x0000000014db0000)
 End Bits:   [0x0000000014db0000, 0x0000000016580000)

Polling page: 0x00000000019d0000

CodeCache: size=245760Kb used=327Kb max_used=327Kb free=245432Kb
 bounds [0x0000000003520000, 0x0000000003790000, 0x0000000012520000]
 total_blobs=57 nmethods=0 adapters=38
 compilation: enabled

Compilation events (0 events):
No events

GC Heap History (0 events):
No events

Deoptimization events (0 events):
No events

Internal exceptions (0 events):
No events

Events (10 events):
Event: 0.034 loading class java/lang/Short
Event: 0.034 loading class java/lang/Short done
Event: 0.034 loading class java/lang/Integer
Event: 0.034 loading class java/lang/Integer done
Event: 0.034 loading class java/lang/Long
Event: 0.034 loading class java/lang/Long done
Event: 0.035 loading class java/lang/NullPointerException
Event: 0.035 loading class java/lang/NullPointerException done
Event: 0.035 loading class java/lang/ArithmeticException
Event: 0.035 loading class java/lang/ArithmeticException done


Dynamic libraries:
0x00007ff7ebe30000 - 0x00007ff7ebe67000 	C:\Program Files\Java\jdk1.8.0_111\bin\java.exe
0x00007fff50f90000 - 0x00007fff511a7000 	C:\WINDOWS\SYSTEM32\ntdll.dll
0x00007fff50030000 - 0x00007fff500f4000 	C:\WINDOWS\System32\KERNEL32.DLL
0x00007fff4e640000 - 0x00007fff4e9f9000 	C:\WINDOWS\System32\KERNELBASE.dll
0x00007fff4ff70000 - 0x00007fff50022000 	C:\WINDOWS\System32\ADVAPI32.dll
0x00007fff4fec0000 - 0x00007fff4ff67000 	C:\WINDOWS\System32\msvcrt.dll
0x00007fff508e0000 - 0x00007fff50987000 	C:\WINDOWS\System32\sechost.dll
0x00007fff4e610000 - 0x00007fff4e638000 	C:\WINDOWS\System32\bcrypt.dll
0x00007fff4f470000 - 0x00007fff4f584000 	C:\WINDOWS\System32\RPCRT4.dll
0x00007fff502e0000 - 0x00007fff5048e000 	C:\WINDOWS\System32\USER32.dll
0x00007fff4ec80000 - 0x00007fff4eca6000 	C:\WINDOWS\System32\win32u.dll
0x00007fff4f5f0000 - 0x00007fff4f619000 	C:\WINDOWS\System32\GDI32.dll
0x00007fff4e4f0000 - 0x00007fff4e60b000 	C:\WINDOWS\System32\gdi32full.dll
0x00007fff4eb20000 - 0x00007fff4ebba000 	C:\WINDOWS\System32\msvcp_win.dll
0x00007fff4ea00000 - 0x00007fff4eb11000 	C:\WINDOWS\System32\ucrtbase.dll
0x00007fff409d0000 - 0x00007fff40c62000 	C:\WINDOWS\WinSxS\amd64_microsoft.windows.common-controls_6595b64144ccf1df_6.0.22621.4391_none_2715d37f73803e96\COMCTL32.dll
0x00007fff50f10000 - 0x00007fff50f41000 	C:\WINDOWS\System32\IMM32.DLL
0x00000000630d0000 - 0x00000000631a2000 	C:\Program Files\Java\jdk1.8.0_111\jre\bin\msvcr100.dll
0x0000000062830000 - 0x00000000630ca000 	C:\Program Files\Java\jdk1.8.0_111\jre\bin\server\jvm.dll
0x00007fff4feb0000 - 0x00007fff4feb8000 	C:\WINDOWS\System32\PSAPI.DLL
0x00007fff45df0000 - 0x00007fff45e24000 	C:\WINDOWS\SYSTEM32\WINMM.dll
0x00007fff349f0000 - 0x00007fff349f9000 	C:\WINDOWS\SYSTEM32\WSOCK32.dll
0x00007fff46040000 - 0x00007fff4604a000 	C:\WINDOWS\SYSTEM32\VERSION.dll
0x00007fff4f310000 - 0x00007fff4f381000 	C:\WINDOWS\System32\WS2_32.dll
0x00000000650b0000 - 0x00000000650bf000 	C:\Program Files\Java\jdk1.8.0_111\jre\bin\verify.dll
0x0000000065080000 - 0x00000000650a9000 	C:\Program Files\Java\jdk1.8.0_111\jre\bin\java.dll
0x0000000065060000 - 0x0000000065076000 	C:\Program Files\Java\jdk1.8.0_111\jre\bin\zip.dll

VM Arguments:
java_command: SIAKAD08
java_class_path (initial): C:\Users\asus\AppData\Roaming\Code\User\workspaceStorage\9dbf3b2463b042840a5c8f487c415e2d\redhat.java\jdt_ws\jobsheet10_b7dd0b2d\bin
Launcher Type: SUN_STANDARD

Environment Variables:
PATH=C:\WINDOWS\system32;C:\WINDOWS;C:\WINDOWS\System32\Wbem;C:\WINDOWS\System32\WindowsPowerShell\v1.0\;C:\WINDOWS\System32\OpenSSH\;C:\Pro RPL\node js\;C:\ProgramData\chocolatey\bin;D:\kelas 11\Git\cmd;D:\kelas 11\Xampp\mysql\bin;C:\ProgramData\Oracle\Java\javapath;C:\Program Files\Java\jdk1.8.0_111\bin;C:\Users\asus\AppData\Local\Microsoft\WindowsApps;D:\semester 2\pro rpl\Microsoft VS Code\bin;C:\Users\asus\AppData\Roaming\npm;D:\kelas 11\Xampp\mysql\bin;D:\f\flutter\bin;D:\Unity\sdk;D:\Unity\sdk\Sdk\platform-tools;D:\Odoo2\python;D:\Odoo2\python\Scripts;D:\PostgreSQL\bin;
USERNAME=asus
OS=Windows_NT
PROCESSOR_IDENTIFIER=AMD64 Family 23 Model 24 Stepping 1, AuthenticAMD



---------------  S Y S T E M  ---------------

OS: Windows 10.0 , 64 bit Build 22621 (10.0.22621.4391)

CPU:total 8 (8 cores per cpu, 1 threads per core) family 23 model 24 stepping 1, cmov, cx8, fxsr, mmx, sse, sse2, sse3, ssse3, sse4.1, sse4.2, popcnt, avx, avx2, aes, clmul, mmxext, 3dnowpref, lzcnt, sse4a, tsc, tscinvbit, tscinv, bmi1

Memory: 4k page, physical 6237480k(359760k free), swap 25111848k(5408k free)

vm_info: Java HotSpot(TM) 64-Bit Server VM (25.111-b14) for windows-amd64 JRE (1.8.0_111-b14), built on Sep 22 2016 19:24:05 by "java_re" with MS VC++ 10.0 (VS2010)

time: Sun Nov 24 22:54:05 2024
elapsed time: 0 seconds (0d 0h 0m 0s)

